<?xml version="1.0" encoding="UTF-8"?>
<!-- Generated by org.testng.reporters.JUnitReportReporter -->
<testsuite hostname="DESKTOP-C7M0M6B" failures="0" tests="1" name="CustomerTestScript.CustomerTest" time="22.424" errors="0" timestamp="2023-07-04T11:59:47 IST" skipped="0">
  <testcase classname="CustomerTestScript.CustomerTest" name="Customermethods" time="22.424"/>
  <system-out/>
</testsuite> <!-- CustomerTestScript.CustomerTest -->
